<?xml version="1.0" encoding="UTF-8"?>
<!-- Generated by org.testng.reporters.JUnitReportReporter -->
<testsuite skipped="0" hostname="2S98FC2" name="automation.Automation.ProductSearchTest" tests="3" failures="0" timestamp="2020-11-08T17:55:58 IST" time="86.368" errors="0">
  <testcase name="SearchProduct" time="34.399" classname="automation.Automation.ProductSearchTest"/>
  <system-out/>
  <testcase name="addToCart" time="42.889" classname="automation.Automation.ProductSearchTest"/>
  <system-out/>
  <testcase name="cart" time="9.080" classname="automation.Automation.ProductSearchTest"/>
  <system-out/>
</testsuite> <!-- automation.Automation.ProductSearchTest -->
