<?xml version="1.0" encoding="UTF-8"?>
<!-- Generated by org.testng.reporters.JUnitReportReporter -->
<testsuite skipped="0" hostname="2S98FC2" name="automation.Automation.AppTest" tests="1" failures="0" timestamp="2020-02-28T16:53:04 IST" time="3.552" errors="0">
  <testcase name="shouldAnswerWithTrue" time="3.552" classname="automation.Automation.AppTest"/>
  <system-out/>
</testsuite> <!-- automation.Automation.AppTest -->
