<?xml version="1.0" encoding="UTF-8"?>
<!-- Generated by org.testng.reporters.JUnitReportReporter -->
<testsuite skipped="0" hostname="2S98FC2" name="automation.CommonUtilities.InitializeResources" tests="1" failures="0" timestamp="2020-02-28T15:06:49 IST" time="0.055" errors="1">
  <testcase name="initializeResources" time="0.055" classname="automation.CommonUtilities.InitializeResources">
    <error type="java.lang.AbstractMethodError" message="org.openqa.selenium.remote.service.DriverService$Builder.createDriverService(Ljava/io/File;ILjava/time/Duration;Lcom/google/common/collect/ImmutableList;Lcom/google/common/collect/ImmutableMap;)Lorg/openqa/selenium/remote/service/DriverService;">
      <![CDATA[java.lang.AbstractMethodError: org.openqa.selenium.remote.service.DriverService$Builder.createDriverService(Ljava/io/File;ILjava/time/Duration;Lcom/google/common/collect/ImmutableList;Lcom/google/common/collect/ImmutableMap;)Lorg/openqa/selenium/remote/service/DriverService;
at org.openqa.selenium.remote.service.DriverService$Builder.build(DriverService.java:398)
at io.appium.java_client.service.local.AppiumDriverLocalService.buildService(AppiumDriverLocalService.java:87)
at automation.AppiumServer.AppiumServerManager.startAppiumServer(AppiumServerManager.java:18)
at automation.CommonUtilities.InitializeResources.initializeResources(InitializeResources.java:22)
at sun.reflect.NativeMethodAccessorImpl.invoke0(Native Method)
at sun.reflect.NativeMethodAccessorImpl.invoke(NativeMethodAccessorImpl.java:62)
at sun.reflect.DelegatingMethodAccessorImpl.invoke(DelegatingMethodAccessorImpl.java:43)
at java.lang.reflect.Method.invoke(Method.java:498)
at org.testng.internal.MethodInvocationHelper.invokeMethod(MethodInvocationHelper.java:134)
at org.testng.internal.MethodInvocationHelper.invokeMethodConsideringTimeout(MethodInvocationHelper.java:63)
at org.testng.internal.ConfigInvoker.invokeConfigurationMethod(ConfigInvoker.java:348)
at org.testng.internal.ConfigInvoker.invokeConfigurations(ConfigInvoker.java:302)
at org.testng.SuiteRunner.privateRun(SuiteRunner.java:327)
at org.testng.SuiteRunner.run(SuiteRunner.java:286)
at org.testng.SuiteRunnerWorker.runSuite(SuiteRunnerWorker.java:53)
at org.testng.SuiteRunnerWorker.run(SuiteRunnerWorker.java:96)
at org.testng.TestNG.runSuitesSequentially(TestNG.java:1187)
at org.testng.TestNG.runSuitesLocally(TestNG.java:1109)
at org.testng.TestNG.runSuites(TestNG.java:1039)
at org.testng.TestNG.run(TestNG.java:1007)
at org.testng.remote.AbstractRemoteTestNG.run(AbstractRemoteTestNG.java:115)
at org.testng.remote.RemoteTestNG.initAndRun(RemoteTestNG.java:251)
at org.testng.remote.RemoteTestNG.main(RemoteTestNG.java:77)
]]>
    </error>
  </testcase> <!-- initializeResources -->
  <system-out/>
</testsuite> <!-- automation.CommonUtilities.InitializeResources -->
