<?xml version="1.0" encoding="UTF-8"?>
<!-- Generated by org.testng.reporters.JUnitReportReporter -->
<testsuite skipped="1" hostname="2S98FC2" name="automation.Automation.LoginPageTest" tests="4" failures="0" timestamp="2020-11-08T17:55:58 IST" time="71.889" errors="0">
  <testcase name="createAccountLableTest" time="3.576" classname="automation.Automation.LoginPageTest"/>
  <system-out/>
  <testcase name="LoginAccountLableTest" time="0.745" classname="automation.Automation.LoginPageTest"/>
  <system-out/>
  <testcase name="ValidateSuccessfulLogin" time="67.568" classname="automation.Automation.LoginPageTest"/>
  <system-out/>
  <testcase name="ValidatedInvalidUserDetails" classname="automation.Automation.LoginPageTest">
    <skipped/>
  </testcase> <!-- ValidatedInvalidUserDetails -->
  <system-out/>
</testsuite> <!-- automation.Automation.LoginPageTest -->
